# JRE version: OpenJDK Runtime Environment (8.0_152) (build 1.8.0_152-release-1343-b16-5323222)
# Java VM: OpenJDK 64-Bit Server VM (25.152-b16-5323222 mixed mode linux-amd64 compressed oops)
Heap:
 PSYoungGen      total 510464K, used 10042K [0x00000000e0000000, 0x0000000100000000, 0x0000000100000000)
  eden space 496640K, 0% used [0x00000000e0000000,0x00000000e0000000,0x00000000fe500000)
  from space 13824K, 72% used [0x00000000fe500000,0x00000000feeceac0,0x00000000ff280000)
  to   space 13824K, 0% used [0x00000000ff280000,0x00000000ff280000,0x0000000100000000)
 ParOldGen       total 136192K, used 135734K [0x00000000a0000000, 0x00000000a8500000, 0x00000000e0000000)
  object space 136192K, 99% used [0x00000000a0000000,0x00000000a848d9e0,0x00000000a8500000)
 Metaspace       used 72288K, capacity 75286K, committed 75648K, reserved 1114112K
  class space    used 9415K, capacity 10043K, committed 10112K, reserved 1048576K
GC Heap History (10 events):
Event: 55.553 GC heap after
Heap after GC invocations=36 (full 3):
 PSYoungGen      total 507904K, used 5269K [0x00000000e0000000, 0x00000000fff80000, 0x0000000100000000)
  eden space 493056K, 0% used [0x00000000e0000000,0x00000000e0000000,0x00000000fe180000)
  from space 14848K, 35% used [0x00000000fe180000,0x00000000fe6a5450,0x00000000ff000000)
  to   space 14336K, 0% used [0x00000000ff180000,0x00000000ff180000,0x00000000fff80000)
 ParOldGen       total 103424K, used 49573K [0x00000000a0000000, 0x00000000a6500000, 0x00000000e0000000)
  object space 103424K, 47% used [0x00000000a0000000,0x00000000a3069638,0x00000000a6500000)
 Metaspace       used 71454K, capacity 74490K, committed 74624K, reserved 1114112K
  class space    used 9376K, capacity 10021K, committed 10112K, reserved 1048576K
}
Event: 57.405 GC heap before
{Heap before GC invocations=37 (full 3):
 PSYoungGen      total 507904K, used 498325K [0x00000000e0000000, 0x00000000fff80000, 0x0000000100000000)
  eden space 493056K, 100% used [0x00000000e0000000,0x00000000fe180000,0x00000000fe180000)
  from space 14848K, 35% used [0x00000000fe180000,0x00000000fe6a5450,0x00000000ff000000)
  to   space 14336K, 0% used [0x00000000ff180000,0x00000000ff180000,0x00000000fff80000)
 ParOldGen       total 103424K, used 49573K [0x00000000a0000000, 0x00000000a6500000, 0x00000000e0000000)
  object space 103424K, 47% used [0x00000000a0000000,0x00000000a3069638,0x00000000a6500000)
 Metaspace       used 71554K, capacity 74554K, committed 74880K, reserved 1114112K
  class space    used 9376K, capacity 10021K, committed 10112K, reserved 1048576K
Event: 57.416 GC heap after
Heap after GC invocations=37 (full 3):
 PSYoungGen      total 507392K, used 3659K [0x00000000e0000000, 0x00000000ffd80000, 0x0000000100000000)
  eden space 495104K, 0% used [0x00000000e0000000,0x00000000e0000000,0x00000000fe380000)
  from space 12288K, 29% used [0x00000000ff180000,0x00000000ff512e18,0x00000000ffd80000)
  to   space 13312K, 0% used [0x00000000fe380000,0x00000000fe380000,0x00000000ff080000)
 ParOldGen       total 103424K, used 49581K [0x00000000a0000000, 0x00000000a6500000, 0x00000000e0000000)
  object space 103424K, 47% used [0x00000000a0000000,0x00000000a306b638,0x00000000a6500000)
 Metaspace       used 71554K, capacity 74554K, committed 74880K, reserved 1114112K
  class space    used 9376K, capacity 10021K, committed 10112K, reserved 1048576K
}
Event: 59.249 GC heap before
{Heap before GC invocations=38 (full 3):
 PSYoungGen      total 507392K, used 498763K [0x00000000e0000000, 0x00000000ffd80000, 0x0000000100000000)
  eden space 495104K, 100% used [0x00000000e0000000,0x00000000fe380000,0x00000000fe380000)
  from space 12288K, 29% used [0x00000000ff180000,0x00000000ff512e18,0x00000000ffd80000)
  to   space 13312K, 0% used [0x00000000fe380000,0x00000000fe380000,0x00000000ff080000)
 ParOldGen       total 103424K, used 49581K [0x00000000a0000000, 0x00000000a6500000, 0x00000000e0000000)
  object space 103424K, 47% used [0x00000000a0000000,0x00000000a306b638,0x00000000a6500000)
 Metaspace       used 71665K, capacity 74706K, committed 74880K, reserved 1114112K
  class space    used 9385K, capacity 10025K, committed 10112K, reserved 1048576K
Event: 59.264 GC heap after
Heap after GC invocations=38 (full 3):
 PSYoungGen      total 508416K, used 8540K [0x00000000e0000000, 0x0000000100000000, 0x0000000100000000)
  eden space 495104K, 0% used [0x00000000e0000000,0x00000000e0000000,0x00000000fe380000)
  from space 13312K, 64% used [0x00000000fe380000,0x00000000febd73e8,0x00000000ff080000)
  to   space 13824K, 0% used [0x00000000ff280000,0x00000000ff280000,0x0000000100000000)
 ParOldGen       total 103424K, used 49589K [0x00000000a0000000, 0x00000000a6500000, 0x00000000e0000000)
  object space 103424K, 47% used [0x00000000a0000000,0x00000000a306d638,0x00000000a6500000)
 Metaspace       used 71665K, capacity 74706K, committed 74880K, reserved 1114112K
  class space    used 9385K, capacity 10025K, committed 10112K, reserved 1048576K
}
Event: 62.498 GC heap before
{Heap before GC invocations=39 (full 3):
 PSYoungGen      total 508416K, used 503644K [0x00000000e0000000, 0x0000000100000000, 0x0000000100000000)
  eden space 495104K, 100% used [0x00000000e0000000,0x00000000fe380000,0x00000000fe380000)
  from space 13312K, 64% used [0x00000000fe380000,0x00000000febd73e8,0x00000000ff080000)
  to   space 13824K, 0% used [0x00000000ff280000,0x00000000ff280000,0x0000000100000000)
 ParOldGen       total 103424K, used 49589K [0x00000000a0000000, 0x00000000a6500000, 0x00000000e0000000)
  object space 103424K, 47% used [0x00000000a0000000,0x00000000a306d638,0x00000000a6500000)
 Metaspace       used 71674K, capacity 74706K, committed 74880K, reserved 1114112K
  class space    used 9385K, capacity 10025K, committed 10112K, reserved 1048576K
Event: 62.524 GC heap after
Heap after GC invocations=39 (full 3):
 PSYoungGen      total 510464K, used 6814K [0x00000000e0000000, 0x0000000100000000, 0x0000000100000000)
  eden space 496640K, 0% used [0x00000000e0000000,0x00000000e0000000,0x00000000fe500000)
  from space 13824K, 49% used [0x00000000ff280000,0x00000000ff927a60,0x0000000100000000)
  to   space 13824K, 0% used [0x00000000fe500000,0x00000000fe500000,0x00000000ff280000)
 ParOldGen       total 103424K, used 49589K [0x00000000a0000000, 0x00000000a6500000, 0x00000000e0000000)
  object space 103424K, 47% used [0x00000000a0000000,0x00000000a306d638,0x00000000a6500000)
 Metaspace       used 71674K, capacity 74706K, committed 74880K, reserved 1114112K
  class space    used 9385K, capacity 10025K, committed 10112K, reserved 1048576K
}
Event: 70.028 GC heap before
{Heap before GC invocations=40 (full 3):
 PSYoungGen      total 510464K, used 502494K [0x00000000e0000000, 0x0000000100000000, 0x0000000100000000)
  eden space 496640K, 99% used [0x00000000e0000000,0x00000000fe40fe18,0x00000000fe500000)
  from space 13824K, 49% used [0x00000000ff280000,0x00000000ff927a60,0x0000000100000000)
  to   space 13824K, 0% used [0x00000000fe500000,0x00000000fe500000,0x00000000ff280000)
 ParOldGen       total 103424K, used 49589K [0x00000000a0000000, 0x00000000a6500000, 0x00000000e0000000)
  object space 103424K, 47% used [0x00000000a0000000,0x00000000a306d638,0x00000000a6500000)
 Metaspace       used 72364K, capacity 75494K, committed 75648K, reserved 1114112K
  class space    used 9441K, capacity 10089K, committed 10112K, reserved 1048576K
Event: 71.529 GC heap after
Heap after GC invocations=40 (full 3):
 PSYoungGen      total 510464K, used 13804K [0x00000000e0000000, 0x0000000100000000, 0x0000000100000000)
  eden space 496640K, 0% used [0x00000000e0000000,0x00000000e0000000,0x00000000fe500000)
  from space 13824K, 99% used [0x00000000fe500000,0x00000000ff27b080,0x00000000ff280000)
  to   space 13824K, 0% used [0x00000000ff280000,0x00000000ff280000,0x0000000100000000)
 ParOldGen       total 136192K, used 136133K [0x00000000a0000000, 0x00000000a8500000, 0x00000000e0000000)
  object space 136192K, 99% used [0x00000000a0000000,0x00000000a84f1550,0x00000000a8500000)
 Metaspace       used 72364K, capacity 75494K, committed 75648K, reserved 1114112K
  class space    used 9441K, capacity 10089K, committed 10112K, reserved 1048576K
}
Event: 71.546 GC heap before
{Heap before GC invocations=41 (full 4):
 PSYoungGen      total 510464K, used 13804K [0x00000000e0000000, 0x0000000100000000, 0x0000000100000000)
  eden space 496640K, 0% used [0x00000000e0000000,0x00000000e0000000,0x00000000fe500000)
  from space 13824K, 99% used [0x00000000fe500000,0x00000000ff27b080,0x00000000ff280000)
  to   space 13824K, 0% used [0x00000000ff280000,0x00000000ff280000,0x0000000100000000)
 ParOldGen       total 136192K, used 136133K [0x00000000a0000000, 0x00000000a8500000, 0x00000000e0000000)
  object space 136192K, 99% used [0x00000000a0000000,0x00000000a84f1550,0x00000000a8500000)
 Metaspace       used 72364K, capacity 75494K, committed 75648K, reserved 1114112K
  class space    used 9441K, capacity 10089K, committed 10112K, reserved 1048576K

