# JRE version: OpenJDK Runtime Environment (8.0_152) (build 1.8.0_152-release-1343-b16-5323222)
# Java VM: OpenJDK 64-Bit Server VM (25.152-b16-5323222 mixed mode linux-amd64 compressed oops)
Heap:
 PSYoungGen      total 433664K, used 0K [0x00000000e0000000, 0x0000000100000000, 0x0000000100000000)
  eden space 343040K, 0% used [0x00000000e0000000,0x00000000e0000000,0x00000000f4f00000)
  from space 90624K, 0% used [0x00000000f4f00000,0x00000000f4f00000,0x00000000fa780000)
  to   space 90624K, 0% used [0x00000000fa780000,0x00000000fa780000,0x0000000100000000)
 ParOldGen       total 209408K, used 157871K [0x00000000a0000000, 0x00000000acc80000, 0x00000000e0000000)
  object space 209408K, 75% used [0x00000000a0000000,0x00000000a9a2bfc0,0x00000000acc80000)
 Metaspace       used 86418K, capacity 89230K, committed 92800K, reserved 1130496K
  class space    used 10977K, capacity 11570K, committed 12160K, reserved 1048576K
GC Heap History (10 events):
Event: 70.836 GC heap after
Heap after GC invocations=20 (full 4):
 PSYoungGen      total 449024K, used 44059K [0x00000000e0000000, 0x0000000100000000, 0x0000000100000000)
  eden space 376832K, 0% used [0x00000000e0000000,0x00000000e0000000,0x00000000f7000000)
  from space 72192K, 61% used [0x00000000fb980000,0x00000000fe486d68,0x0000000100000000)
  to   space 73728K, 0% used [0x00000000f7000000,0x00000000f7000000,0x00000000fb800000)
 ParOldGen       total 206848K, used 135206K [0x00000000a0000000, 0x00000000aca00000, 0x00000000e0000000)
  object space 206848K, 65% used [0x00000000a0000000,0x00000000a8409b88,0x00000000aca00000)
 Metaspace       used 81774K, capacity 84828K, committed 85120K, reserved 1122304K
  class space    used 10682K, capacity 11338K, committed 11392K, reserved 1048576K
}
Event: 580.113 GC heap before
{Heap before GC invocations=21 (full 4):
 PSYoungGen      total 449024K, used 420891K [0x00000000e0000000, 0x0000000100000000, 0x0000000100000000)
  eden space 376832K, 100% used [0x00000000e0000000,0x00000000f7000000,0x00000000f7000000)
  from space 72192K, 61% used [0x00000000fb980000,0x00000000fe486d68,0x0000000100000000)
  to   space 73728K, 0% used [0x00000000f7000000,0x00000000f7000000,0x00000000fb800000)
 ParOldGen       total 206848K, used 135206K [0x00000000a0000000, 0x00000000aca00000, 0x00000000e0000000)
  object space 206848K, 65% used [0x00000000a0000000,0x00000000a8409b88,0x00000000aca00000)
 Metaspace       used 85858K, capacity 89192K, committed 89344K, reserved 1126400K
  class space    used 11070K, capacity 11776K, committed 11776K, reserved 1048576K
Event: 580.402 GC heap after
Heap after GC invocations=21 (full 4):
 PSYoungGen      total 435712K, used 58716K [0x00000000e0000000, 0x0000000100000000, 0x0000000100000000)
  eden space 376832K, 0% used [0x00000000e0000000,0x00000000e0000000,0x00000000f7000000)
  from space 58880K, 99% used [0x00000000f7000000,0x00000000fa9570a0,0x00000000fa980000)
  to   space 80384K, 0% used [0x00000000fb180000,0x00000000fb180000,0x0000000100000000)
 ParOldGen       total 206848K, used 170879K [0x00000000a0000000, 0x00000000aca00000, 0x00000000e0000000)
  object space 206848K, 82% used [0x00000000a0000000,0x00000000aa6dff78,0x00000000aca00000)
 Metaspace       used 85858K, capacity 89192K, committed 89344K, reserved 1126400K
  class space    used 11070K, capacity 11776K, committed 11776K, reserved 1048576K
}
Event: 580.402 GC heap before
{Heap before GC invocations=22 (full 5):
 PSYoungGen      total 435712K, used 58716K [0x00000000e0000000, 0x0000000100000000, 0x0000000100000000)
  eden space 376832K, 0% used [0x00000000e0000000,0x00000000e0000000,0x00000000f7000000)
  from space 58880K, 99% used [0x00000000f7000000,0x00000000fa9570a0,0x00000000fa980000)
  to   space 80384K, 0% used [0x00000000fb180000,0x00000000fb180000,0x0000000100000000)
 ParOldGen       total 206848K, used 170879K [0x00000000a0000000, 0x00000000aca00000, 0x00000000e0000000)
  object space 206848K, 82% used [0x00000000a0000000,0x00000000aa6dff78,0x00000000aca00000)
 Metaspace       used 85858K, capacity 89192K, committed 89344K, reserved 1126400K
  class space    used 11070K, capacity 11776K, committed 11776K, reserved 1048576K
Event: 581.053 GC heap after
Heap after GC invocations=22 (full 5):
 PSYoungGen      total 435712K, used 0K [0x00000000e0000000, 0x0000000100000000, 0x0000000100000000)
  eden space 376832K, 0% used [0x00000000e0000000,0x00000000e0000000,0x00000000f7000000)
  from space 58880K, 0% used [0x00000000f7000000,0x00000000f7000000,0x00000000fa980000)
  to   space 80384K, 0% used [0x00000000fb180000,0x00000000fb180000,0x0000000100000000)
 ParOldGen       total 209408K, used 114504K [0x00000000a0000000, 0x00000000acc80000, 0x00000000e0000000)
  object space 209408K, 54% used [0x00000000a0000000,0x00000000a6fd2248,0x00000000acc80000)
 Metaspace       used 83725K, capacity 86884K, committed 89344K, reserved 1126400K
  class space    used 10745K, capacity 11424K, committed 11776K, reserved 1048576K
}
Event: 2000.489 GC heap before
{Heap before GC invocations=23 (full 5):
 PSYoungGen      total 435712K, used 376832K [0x00000000e0000000, 0x0000000100000000, 0x0000000100000000)
  eden space 376832K, 100% used [0x00000000e0000000,0x00000000f7000000,0x00000000f7000000)
  from space 58880K, 0% used [0x00000000f7000000,0x00000000f7000000,0x00000000fa980000)
  to   space 80384K, 0% used [0x00000000fb180000,0x00000000fb180000,0x0000000100000000)
 ParOldGen       total 209408K, used 114504K [0x00000000a0000000, 0x00000000acc80000, 0x00000000e0000000)
  object space 209408K, 54% used [0x00000000a0000000,0x00000000a6fd2248,0x00000000acc80000)
 Metaspace       used 86433K, capacity 89726K, committed 89856K, reserved 1128448K
  class space    used 11051K, capacity 11715K, committed 11776K, reserved 1048576K
Event: 2006.217 GC heap after
Heap after GC invocations=23 (full 5):
 PSYoungGen      total 423424K, used 73159K [0x00000000e0000000, 0x0000000100000000, 0x0000000100000000)
  eden space 343040K, 0% used [0x00000000e0000000,0x00000000e0000000,0x00000000f4f00000)
  from space 80384K, 91% used [0x00000000fb180000,0x00000000ff8f1de0,0x0000000100000000)
  to   space 90624K, 0% used [0x00000000f4f00000,0x00000000f4f00000,0x00000000fa780000)
 ParOldGen       total 209408K, used 114512K [0x00000000a0000000, 0x00000000acc80000, 0x00000000e0000000)
  object space 209408K, 54% used [0x00000000a0000000,0x00000000a6fd4248,0x00000000acc80000)
 Metaspace       used 86433K, capacity 89726K, committed 89856K, reserved 1128448K
  class space    used 11051K, capacity 11715K, committed 11776K, reserved 1048576K
}
Event: 2179.288 GC heap before
{Heap before GC invocations=24 (full 5):
 PSYoungGen      total 423424K, used 416199K [0x00000000e0000000, 0x0000000100000000, 0x0000000100000000)
  eden space 343040K, 100% used [0x00000000e0000000,0x00000000f4f00000,0x00000000f4f00000)
  from space 80384K, 91% used [0x00000000fb180000,0x00000000ff8f1de0,0x0000000100000000)
  to   space 90624K, 0% used [0x00000000f4f00000,0x00000000f4f00000,0x00000000fa780000)
 ParOldGen       total 209408K, used 114512K [0x00000000a0000000, 0x00000000acc80000, 0x00000000e0000000)
  object space 209408K, 54% used [0x00000000a0000000,0x00000000a6fd4248,0x00000000acc80000)
 Metaspace       used 89220K, capacity 92580K, committed 92800K, reserved 1130496K
  class space    used 11407K, capacity 12110K, committed 12160K, reserved 1048576K
Event: 2181.453 GC heap after
Heap after GC invocations=24 (full 5):
 PSYoungGen      total 433664K, used 90608K [0x00000000e0000000, 0x0000000100000000, 0x0000000100000000)
  eden space 343040K, 0% used [0x00000000e0000000,0x00000000e0000000,0x00000000f4f00000)
  from space 90624K, 99% used [0x00000000f4f00000,0x00000000fa77c2f0,0x00000000fa780000)
  to   space 90624K, 0% used [0x00000000fa780000,0x00000000fa780000,0x0000000100000000)
 ParOldGen       total 209408K, used 189189K [0x00000000a0000000, 0x00000000acc80000, 0x00000000e0000000)
  object space 209408K, 90% used [0x00000000a0000000,0x00000000ab8c1480,0x00000000acc80000)
 Metaspace       used 89220K, capacity 92580K, committed 92800K, reserved 1130496K
  class space    used 11407K, capacity 12110K, committed 12160K, reserved 1048576K
}
Event: 2181.470 GC heap before
{Heap before GC invocations=25 (full 6):
 PSYoungGen      total 433664K, used 90608K [0x00000000e0000000, 0x0000000100000000, 0x0000000100000000)
  eden space 343040K, 0% used [0x00000000e0000000,0x00000000e0000000,0x00000000f4f00000)
  from space 90624K, 99% used [0x00000000f4f00000,0x00000000fa77c2f0,0x00000000fa780000)
  to   space 90624K, 0% used [0x00000000fa780000,0x00000000fa780000,0x0000000100000000)
 ParOldGen       total 209408K, used 189189K [0x00000000a0000000, 0x00000000acc80000, 0x00000000e0000000)
  object space 209408K, 90% used [0x00000000a0000000,0x00000000ab8c1480,0x00000000acc80000)
 Metaspace       used 89220K, capacity 92580K, committed 92800K, reserved 1130496K
  class space    used 11407K, capacity 12110K, committed 12160K, reserved 1048576K

